<?xml version="1.0" encoding="UTF-8" ?>
<testsuite failures="0" time="0.281" errors="0" skipped="0" tests="18" name="sorting.test.StudentSortingTest">
  <properties>
    <property name="idea.version" value="2016.1.3"/>
    <property name="java.runtime.name" value="OpenJDK Runtime Environment"/>
    <property name="sun.boot.library.path" value="/usr/lib/jvm/java-7-openjdk-amd64/jre/lib/amd64"/>
    <property name="java.vm.version" value="24.95-b01"/>
    <property name="java.vm.vendor" value="Oracle Corporation"/>
    <property name="java.vendor.url" value="http://java.oracle.com/"/>
    <property name="path.separator" value=":"/>
    <property name="guice.disable.misplaced.annotation.check" value="true"/>
    <property name="java.vm.name" value="OpenJDK 64-Bit Server VM"/>
    <property name="file.encoding.pkg" value="sun.io"/>
    <property name="idea.launcher.port" value="7534"/>
    <property name="user.country" value="BR"/>
    <property name="sun.java.launcher" value="SUN_STANDARD"/>
    <property name="sun.os.patch.level" value="unknown"/>
    <property name="java.vm.specification.name" value="Java Virtual Machine Specification"/>
    <property name="user.dir" value="/home/estacio/roteiros_leda/Estacio/R03"/>
    <property name="java.runtime.version" value="1.7.0_101-b00"/>
    <property name="java.awt.graphicsenv" value="sun.awt.X11GraphicsEnvironment"/>
    <property name="java.endorsed.dirs" value="/usr/lib/jvm/java-7-openjdk-amd64/jre/lib/endorsed"/>
    <property name="os.arch" value="amd64"/>
    <property name="java.io.tmpdir" value="/tmp"/>
    <property name="line.separator" value="
"/>
    <property name="java.vm.specification.vendor" value="Oracle Corporation"/>
    <property name="os.name" value="Linux"/>
    <property name="classworlds.conf" value="/home/estacio/Downloads/idea/IDE/plugins/maven/lib/maven3/bin/m2.conf"/>
    <property name="sun.jnu.encoding" value="UTF-8"/>
    <property name="java.library.path" value="/home/estacio/Downloads/idea/IDE/bin::/usr/java/packages/lib/amd64:/usr/lib/x86_64-linux-gnu/jni:/lib/x86_64-linux-gnu:/usr/lib/x86_64-linux-gnu:/usr/lib/jni:/lib:/usr/lib"/>
    <property name="java.specification.name" value="Java Platform API Specification"/>
    <property name="java.class.version" value="51.0"/>
    <property name="sun.management.compiler" value="HotSpot 64-Bit Tiered Compilers"/>
    <property name="os.version" value="3.16.0-73-generic"/>
    <property name="user.home" value="/home/estacio"/>
    <property name="user.timezone" value="America/Recife"/>
    <property name="java.awt.printerjob" value="sun.print.PSPrinterJob"/>
    <property name="java.specification.version" value="1.7"/>
    <property name="idea.launcher.bin.path" value="/home/estacio/Downloads/idea/IDE/bin"/>
    <property name="file.encoding" value="UTF-8"/>
    <property name="user.name" value="estacio"/>
    <property name="java.class.path" value="/home/estacio/Downloads/idea/IDE/plugins/maven/lib/maven3/boot/plexus-classworlds-2.4.jar:/home/estacio/Downloads/idea/IDE/lib/idea_rt.jar"/>
    <property name="java.vm.specification.version" value="1.7"/>
    <property name="sun.arch.data.model" value="64"/>
    <property name="java.home" value="/usr/lib/jvm/java-7-openjdk-amd64/jre"/>
    <property name="sun.java.command" value="com.intellij.rt.execution.application.AppMain org.codehaus.classworlds.Launcher -Didea.version=2016.1.3 clean install"/>
    <property name="java.specification.vendor" value="Oracle Corporation"/>
    <property name="user.language" value="pt"/>
    <property name="awt.toolkit" value="sun.awt.X11.XToolkit"/>
    <property name="java.vm.info" value="mixed mode"/>
    <property name="java.version" value="1.7.0_101"/>
    <property name="java.ext.dirs" value="/usr/lib/jvm/java-7-openjdk-amd64/jre/lib/ext:/usr/java/packages/lib/ext"/>
    <property name="securerandom.source" value="file:/dev/./urandom"/>
    <property name="sun.boot.class.path" value="/usr/lib/jvm/java-7-openjdk-amd64/jre/lib/resources.jar:/usr/lib/jvm/java-7-openjdk-amd64/jre/lib/rt.jar:/usr/lib/jvm/java-7-openjdk-amd64/jre/lib/sunrsasign.jar:/usr/lib/jvm/java-7-openjdk-amd64/jre/lib/jsse.jar:/usr/lib/jvm/java-7-openjdk-amd64/jre/lib/jce.jar:/usr/lib/jvm/java-7-openjdk-amd64/jre/lib/charsets.jar:/usr/lib/jvm/java-7-openjdk-amd64/jre/lib/rhino.jar:/usr/lib/jvm/java-7-openjdk-amd64/jre/lib/jfr.jar:/usr/lib/jvm/java-7-openjdk-amd64/jre/classes"/>
    <property name="java.vendor" value="Oracle Corporation"/>
    <property name="maven.home" value="/home/estacio/Downloads/idea/IDE/plugins/maven/lib/maven3"/>
    <property name="file.separator" value="/"/>
    <property name="java.vendor.url.bug" value="http://bugreport.sun.com/bugreport/"/>
    <property name="sun.cpu.endian" value="little"/>
    <property name="sun.io.unicode.encoding" value="UnicodeLittle"/>
    <property name="sun.desktop" value="gnome"/>
    <property name="sun.cpu.isalist" value=""/>
  </properties>
  <testcase time="0.029" classname="sorting.test.StudentSortingTest" name="testSort01"/>
  <testcase time="0.01" classname="sorting.test.StudentSortingTest" name="testSort02"/>
  <testcase time="0.002" classname="sorting.test.StudentSortingTest" name="testSort03"/>
  <testcase time="0.002" classname="sorting.test.StudentSortingTest" name="testSort04"/>
  <testcase time="0.006" classname="sorting.test.StudentSortingTest" name="testSort05"/>
  <testcase time="0.026" classname="sorting.test.StudentSortingTest" name="testSort06"/>
  <testcase time="0.012" classname="sorting.test.StudentSortingTest" name="testSort07"/>
  <testcase time="0.018" classname="sorting.test.StudentSortingTest" name="testSort08"/>
  <testcase time="0.028" classname="sorting.test.StudentSortingTest" name="testSort09"/>
  <testcase time="0.011" classname="sorting.test.StudentSortingTest" name="testSort10"/>
  <testcase time="0.008" classname="sorting.test.StudentSortingTest" name="testSort11"/>
  <testcase time="0.002" classname="sorting.test.StudentSortingTest" name="testSort12"/>
  <testcase time="0.003" classname="sorting.test.StudentSortingTest" name="testSort13"/>
  <testcase time="0.001" classname="sorting.test.StudentSortingTest" name="testSort14"/>
  <testcase time="0.004" classname="sorting.test.StudentSortingTest" name="testSort15"/>
  <testcase time="0.002" classname="sorting.test.StudentSortingTest" name="testSort16"/>
  <testcase time="0.001" classname="sorting.test.StudentSortingTest" name="testSort17"/>
  <testcase time="0.001" classname="sorting.test.StudentSortingTest" name="testSort18"/>
</testsuite>